<?xml version="1.0" encoding="UTF-8"?>
<testsuite name="es.udc.reunions.web.rest.SesionResourceIntTest" time="0.86" tests="10" errors="3" skipped="0" failures="1">
  <properties>
    <property name="java.runtime.name" value="Java(TM) SE Runtime Environment"/>
    <property name="sun.boot.library.path" value="/opt/jdk1.8.0_92/jre/lib/amd64"/>
    <property name="java.vm.version" value="25.92-b14"/>
    <property name="java.vm.vendor" value="Oracle Corporation"/>
    <property name="maven.multiModuleProjectDirectory" value="/home/piot/vvsworkspace/reunions"/>
    <property name="java.vendor.url" value="http://java.oracle.com/"/>
    <property name="path.separator" value=":"/>
    <property name="guice.disable.misplaced.annotation.check" value="true"/>
    <property name="java.vm.name" value="Java HotSpot(TM) 64-Bit Server VM"/>
    <property name="file.encoding.pkg" value="sun.io"/>
    <property name="user.country" value="US"/>
    <property name="sun.java.launcher" value="SUN_STANDARD"/>
    <property name="sun.os.patch.level" value="unknown"/>
    <property name="java.vm.specification.name" value="Java Virtual Machine Specification"/>
    <property name="user.dir" value="/home/piot/vvsworkspace/reunions"/>
    <property name="java.runtime.version" value="1.8.0_92-b14"/>
    <property name="java.awt.graphicsenv" value="sun.awt.X11GraphicsEnvironment"/>
    <property name="java.endorsed.dirs" value="/opt/jdk1.8.0_92/jre/lib/endorsed"/>
    <property name="os.arch" value="amd64"/>
    <property name="java.io.tmpdir" value="/tmp"/>
    <property name="line.separator" value="&#10;"/>
    <property name="java.vm.specification.vendor" value="Oracle Corporation"/>
    <property name="os.name" value="Linux"/>
    <property name="classworlds.conf" value="/home/piot/.m2/wrapper/dists/apache-maven-3.3.9-bin/2609u9g41na2l7ogackmif6fj2/apache-maven-3.3.9/bin/m2.conf"/>
    <property name="sun.jnu.encoding" value="UTF-8"/>
    <property name="java.library.path" value="/usr/java/packages/lib/amd64:/usr/lib64:/lib64:/lib:/usr/lib"/>
    <property name="java.specification.name" value="Java Platform API Specification"/>
    <property name="java.class.version" value="52.0"/>
    <property name="sun.management.compiler" value="HotSpot 64-Bit Tiered Compilers"/>
    <property name="os.version" value="4.4.0-98-generic"/>
    <property name="user.home" value="/home/piot"/>
    <property name="user.timezone" value="Europe/Madrid"/>
    <property name="java.awt.printerjob" value="sun.print.PSPrinterJob"/>
    <property name="file.encoding" value="UTF-8"/>
    <property name="java.specification.version" value="1.8"/>
    <property name="user.name" value="piot"/>
    <property name="java.class.path" value="/home/piot/vvsworkspace/reunions/.mvn/wrapper/maven-wrapper.jar"/>
    <property name="java.vm.specification.version" value="1.8"/>
    <property name="sun.arch.data.model" value="64"/>
    <property name="java.home" value="/opt/jdk1.8.0_92/jre"/>
    <property name="sun.java.command" value="org.apache.maven.wrapper.MavenWrapperMain clean test"/>
    <property name="java.specification.vendor" value="Oracle Corporation"/>
    <property name="user.language" value="en"/>
    <property name="awt.toolkit" value="sun.awt.X11.XToolkit"/>
    <property name="java.vm.info" value="mixed mode"/>
    <property name="java.version" value="1.8.0_92"/>
    <property name="java.ext.dirs" value="/opt/jdk1.8.0_92/jre/lib/ext:/usr/java/packages/lib/ext"/>
    <property name="securerandom.source" value="file:/dev/./urandom"/>
    <property name="sun.boot.class.path" value="/opt/jdk1.8.0_92/jre/lib/resources.jar:/opt/jdk1.8.0_92/jre/lib/rt.jar:/opt/jdk1.8.0_92/jre/lib/sunrsasign.jar:/opt/jdk1.8.0_92/jre/lib/jsse.jar:/opt/jdk1.8.0_92/jre/lib/jce.jar:/opt/jdk1.8.0_92/jre/lib/charsets.jar:/opt/jdk1.8.0_92/jre/lib/jfr.jar:/opt/jdk1.8.0_92/jre/classes"/>
    <property name="java.vendor" value="Oracle Corporation"/>
    <property name="maven.home" value="/home/piot/.m2/wrapper/dists/apache-maven-3.3.9-bin/2609u9g41na2l7ogackmif6fj2/apache-maven-3.3.9"/>
    <property name="file.separator" value="/"/>
    <property name="java.vendor.url.bug" value="http://bugreport.sun.com/bugreport/"/>
    <property name="sun.cpu.endian" value="little"/>
    <property name="sun.io.unicode.encoding" value="UnicodeLittle"/>
    <property name="sun.cpu.isalist" value=""/>
  </properties>
  <testcase name="getAllSesions" classname="es.udc.reunions.web.rest.SesionResourceIntTest" time="0.034"/>
  <testcase name="updateSesion" classname="es.udc.reunions.web.rest.SesionResourceIntTest" time="0.265">
    <error message="Request processing failed; nested exception is java.lang.NullPointerException" type="org.springframework.web.util.NestedServletException">org.springframework.web.util.NestedServletException: Request processing failed; nested exception is java.lang.NullPointerException
	at es.udc.reunions.web.rest.SesionResource.updateSesion(SesionResource.java:171)
	at sun.reflect.NativeMethodAccessorImpl.invoke0(Native Method)
	at sun.reflect.NativeMethodAccessorImpl.invoke(NativeMethodAccessorImpl.java:62)
	at sun.reflect.DelegatingMethodAccessorImpl.invoke(DelegatingMethodAccessorImpl.java:43)
	at java.lang.reflect.Method.invoke(Method.java:498)
	at org.springframework.web.method.support.InvocableHandlerMethod.doInvoke(InvocableHandlerMethod.java:221)
	at org.springframework.web.method.support.InvocableHandlerMethod.invokeForRequest(InvocableHandlerMethod.java:136)
	at org.springframework.web.servlet.mvc.method.annotation.ServletInvocableHandlerMethod.invokeAndHandle(ServletInvocableHandlerMethod.java:114)
	at org.springframework.web.servlet.mvc.method.annotation.RequestMappingHandlerAdapter.invokeHandlerMethod(RequestMappingHandlerAdapter.java:827)
	at org.springframework.web.servlet.mvc.method.annotation.RequestMappingHandlerAdapter.handleInternal(RequestMappingHandlerAdapter.java:738)
	at org.springframework.web.servlet.mvc.method.AbstractHandlerMethodAdapter.handle(AbstractHandlerMethodAdapter.java:85)
	at org.springframework.web.servlet.DispatcherServlet.doDispatch(DispatcherServlet.java:963)
	at org.springframework.web.servlet.DispatcherServlet.doService(DispatcherServlet.java:897)
	at org.springframework.web.servlet.FrameworkServlet.processRequest(FrameworkServlet.java:970)
	at org.springframework.web.servlet.FrameworkServlet.doPut(FrameworkServlet.java:883)
	at javax.servlet.http.HttpServlet.service(HttpServlet.java:710)
	at org.springframework.web.servlet.FrameworkServlet.service(FrameworkServlet.java:846)
	at org.springframework.test.web.servlet.TestDispatcherServlet.service(TestDispatcherServlet.java:65)
	at javax.servlet.http.HttpServlet.service(HttpServlet.java:790)
	at org.springframework.mock.web.MockFilterChain$ServletFilterProxy.doFilter(MockFilterChain.java:167)
	at org.springframework.mock.web.MockFilterChain.doFilter(MockFilterChain.java:134)
	at org.springframework.test.web.servlet.MockMvc.perform(MockMvc.java:155)
	at es.udc.reunions.web.rest.SesionResourceIntTest.updateSesion(SesionResourceIntTest.java:266)
</error>
    <system-out><![CDATA[Hibernate: insert into grupo (id, nombre) values (null, ?)
Hibernate: insert into organo (id, descripcion, grupo_id, nombre) values (null, ?, ?, ?)
2017-11-19 19:19:32.063 DEBUG 13603 --- [           main] es.udc.reunions.service.SesionService    : Request to save Sesion : Sesion{id=null, numero='1', primeraConvocatoria='1970-01-01T01:00+01:00[Europe/Madrid]', segundaConvocatoria='1970-01-01T01:00+01:00[Europe/Madrid]', lugar='AAAAA', descripcion='AAAAA'}
Hibernate: insert into sesion (id, descripcion, lugar, numero, organo_id, primera_convocatoria, segunda_convocatoria) values (null, ?, ?, ?, ?, ?, ?)
Hibernate: select sesion0_.id as id1_12_, sesion0_.descripcion as descripc2_12_, sesion0_.lugar as lugar3_12_, sesion0_.numero as numero4_12_, sesion0_.organo_id as organo_i7_12_, sesion0_.primera_convocatoria as primera_5_12_, sesion0_.segunda_convocatoria as segunda_6_12_ from sesion sesion0_
2017-11-19 19:19:32.313 DEBUG 13603 --- [           main] es.udc.reunions.web.rest.SesionResource  : REST request to update Sesion : Sesion{id=18, numero='2', primeraConvocatoria='2017-11-19T18:19:26Z[UTC]', segundaConvocatoria='2017-11-19T18:19:26Z[UTC]', lugar='BBBBB', descripcion='BBBBB'}
]]></system-out>
  </testcase>
  <testcase name="deleteSesion" classname="es.udc.reunions.web.rest.SesionResourceIntTest" time="0.162">
    <error message="Request processing failed; nested exception is java.lang.NullPointerException" type="org.springframework.web.util.NestedServletException">org.springframework.web.util.NestedServletException: Request processing failed; nested exception is java.lang.NullPointerException
	at es.udc.reunions.web.rest.SesionResource.deleteSesion(SesionResource.java:253)
	at sun.reflect.NativeMethodAccessorImpl.invoke0(Native Method)
	at sun.reflect.NativeMethodAccessorImpl.invoke(NativeMethodAccessorImpl.java:62)
	at sun.reflect.DelegatingMethodAccessorImpl.invoke(DelegatingMethodAccessorImpl.java:43)
	at java.lang.reflect.Method.invoke(Method.java:498)
	at org.springframework.web.method.support.InvocableHandlerMethod.doInvoke(InvocableHandlerMethod.java:221)
	at org.springframework.web.method.support.InvocableHandlerMethod.invokeForRequest(InvocableHandlerMethod.java:136)
	at org.springframework.web.servlet.mvc.method.annotation.ServletInvocableHandlerMethod.invokeAndHandle(ServletInvocableHandlerMethod.java:114)
	at org.springframework.web.servlet.mvc.method.annotation.RequestMappingHandlerAdapter.invokeHandlerMethod(RequestMappingHandlerAdapter.java:827)
	at org.springframework.web.servlet.mvc.method.annotation.RequestMappingHandlerAdapter.handleInternal(RequestMappingHandlerAdapter.java:738)
	at org.springframework.web.servlet.mvc.method.AbstractHandlerMethodAdapter.handle(AbstractHandlerMethodAdapter.java:85)
	at org.springframework.web.servlet.DispatcherServlet.doDispatch(DispatcherServlet.java:963)
	at org.springframework.web.servlet.DispatcherServlet.doService(DispatcherServlet.java:897)
	at org.springframework.web.servlet.FrameworkServlet.processRequest(FrameworkServlet.java:970)
	at org.springframework.web.servlet.FrameworkServlet.doDelete(FrameworkServlet.java:894)
	at javax.servlet.http.HttpServlet.service(HttpServlet.java:713)
	at org.springframework.web.servlet.FrameworkServlet.service(FrameworkServlet.java:846)
	at org.springframework.test.web.servlet.TestDispatcherServlet.service(TestDispatcherServlet.java:65)
	at javax.servlet.http.HttpServlet.service(HttpServlet.java:790)
	at org.springframework.mock.web.MockFilterChain$ServletFilterProxy.doFilter(MockFilterChain.java:167)
	at org.springframework.mock.web.MockFilterChain.doFilter(MockFilterChain.java:134)
	at org.springframework.test.web.servlet.MockMvc.perform(MockMvc.java:155)
	at es.udc.reunions.web.rest.SesionResourceIntTest.deleteSesion(SesionResourceIntTest.java:295)
</error>
    <system-out><![CDATA[Hibernate: insert into grupo (id, nombre) values (null, ?)
Hibernate: insert into organo (id, descripcion, grupo_id, nombre) values (null, ?, ?, ?)
2017-11-19 19:19:32.408 DEBUG 13603 --- [           main] es.udc.reunions.service.SesionService    : Request to save Sesion : Sesion{id=null, numero='1', primeraConvocatoria='1970-01-01T01:00+01:00[Europe/Madrid]', segundaConvocatoria='1970-01-01T01:00+01:00[Europe/Madrid]', lugar='AAAAA', descripcion='AAAAA'}
Hibernate: insert into sesion (id, descripcion, lugar, numero, organo_id, primera_convocatoria, segunda_convocatoria) values (null, ?, ?, ?, ?, ?, ?)
Hibernate: select sesion0_.id as id1_12_, sesion0_.descripcion as descripc2_12_, sesion0_.lugar as lugar3_12_, sesion0_.numero as numero4_12_, sesion0_.organo_id as organo_i7_12_, sesion0_.primera_convocatoria as primera_5_12_, sesion0_.segunda_convocatoria as segunda_6_12_ from sesion sesion0_
2017-11-19 19:19:32.491 DEBUG 13603 --- [           main] es.udc.reunions.web.rest.SesionResource  : REST request to delete Sesion : 19
2017-11-19 19:19:32.492 DEBUG 13603 --- [           main] es.udc.reunions.service.SesionService    : Request to get Sesion : 19
2017-11-19 19:19:32.492 DEBUG 13603 --- [           main] es.udc.reunions.web.rest.SesionResource  : NO ADMIN
]]></system-out>
  </testcase>
  <testcase name="searchSesion" classname="es.udc.reunions.web.rest.SesionResourceIntTest" time="0.189">
    <failure message="JSON path &quot;$.[*].primeraConvocatoria&quot;&#10;Expected: a collection containing &quot;1970-01-01T01:00:00+01:00&quot;&#10;     but: was &quot;1970-01-01T00:00:00Z&quot;" type="java.lang.AssertionError">java.lang.AssertionError: JSON path "$.[*].primeraConvocatoria"
Expected: a collection containing "1970-01-01T01:00:00+01:00"
     but: was "1970-01-01T00:00:00Z"
	at org.hamcrest.MatcherAssert.assertThat(MatcherAssert.java:20)
	at org.springframework.test.util.JsonPathExpectationsHelper.assertValue(JsonPathExpectationsHelper.java:74)
	at org.springframework.test.web.servlet.result.JsonPathResultMatchers$1.match(JsonPathResultMatchers.java:86)
	at org.springframework.test.web.servlet.MockMvc$1.andExpect(MockMvc.java:171)
	at es.udc.reunions.web.rest.SesionResourceIntTest.searchSesion(SesionResourceIntTest.java:320)
</failure>
    <system-out><![CDATA[Hibernate: insert into grupo (id, nombre) values (null, ?)
Hibernate: insert into organo (id, descripcion, grupo_id, nombre) values (null, ?, ?, ?)
2017-11-19 19:19:32.599 DEBUG 13603 --- [           main] es.udc.reunions.service.SesionService    : Request to save Sesion : Sesion{id=null, numero='1', primeraConvocatoria='1970-01-01T01:00+01:00[Europe/Madrid]', segundaConvocatoria='1970-01-01T01:00+01:00[Europe/Madrid]', lugar='AAAAA', descripcion='AAAAA'}
Hibernate: insert into sesion (id, descripcion, lugar, numero, organo_id, primera_convocatoria, segunda_convocatoria) values (null, ?, ?, ?, ?, ?, ?)
2017-11-19 19:19:32.686 DEBUG 13603 --- [           main] es.udc.reunions.web.rest.SesionResource  : REST request to search for a page of Sesions for query id:20
2017-11-19 19:19:32.687 DEBUG 13603 --- [           main] es.udc.reunions.service.SesionService    : Request to search for a page of Sesions for query id:20
]]></system-out>
  </testcase>
  <testcase name="checkNumeroIsRequired" classname="es.udc.reunions.web.rest.SesionResourceIntTest" time="0.1"/>
  <testcase name="getNonExistingSesion" classname="es.udc.reunions.web.rest.SesionResourceIntTest" time="0.015"/>
  <testcase name="getSesion" classname="es.udc.reunions.web.rest.SesionResourceIntTest" time="0.017"/>
  <testcase name="checkPrimeraConvocatoriaIsRequired" classname="es.udc.reunions.web.rest.SesionResourceIntTest" time="0.024"/>
  <testcase name="createSesion" classname="es.udc.reunions.web.rest.SesionResourceIntTest" time="0.026">
    <error message="Request processing failed; nested exception is java.lang.NullPointerException" type="org.springframework.web.util.NestedServletException">org.springframework.web.util.NestedServletException: Request processing failed; nested exception is java.lang.NullPointerException
	at es.udc.reunions.web.rest.SesionResource.createSesion(SesionResource.java:73)
	at sun.reflect.NativeMethodAccessorImpl.invoke0(Native Method)
	at sun.reflect.NativeMethodAccessorImpl.invoke(NativeMethodAccessorImpl.java:62)
	at sun.reflect.DelegatingMethodAccessorImpl.invoke(DelegatingMethodAccessorImpl.java:43)
	at java.lang.reflect.Method.invoke(Method.java:498)
	at org.springframework.web.method.support.InvocableHandlerMethod.doInvoke(InvocableHandlerMethod.java:221)
	at org.springframework.web.method.support.InvocableHandlerMethod.invokeForRequest(InvocableHandlerMethod.java:136)
	at org.springframework.web.servlet.mvc.method.annotation.ServletInvocableHandlerMethod.invokeAndHandle(ServletInvocableHandlerMethod.java:114)
	at org.springframework.web.servlet.mvc.method.annotation.RequestMappingHandlerAdapter.invokeHandlerMethod(RequestMappingHandlerAdapter.java:827)
	at org.springframework.web.servlet.mvc.method.annotation.RequestMappingHandlerAdapter.handleInternal(RequestMappingHandlerAdapter.java:738)
	at org.springframework.web.servlet.mvc.method.AbstractHandlerMethodAdapter.handle(AbstractHandlerMethodAdapter.java:85)
	at org.springframework.web.servlet.DispatcherServlet.doDispatch(DispatcherServlet.java:963)
	at org.springframework.web.servlet.DispatcherServlet.doService(DispatcherServlet.java:897)
	at org.springframework.web.servlet.FrameworkServlet.processRequest(FrameworkServlet.java:970)
	at org.springframework.web.servlet.FrameworkServlet.doPost(FrameworkServlet.java:872)
	at javax.servlet.http.HttpServlet.service(HttpServlet.java:707)
	at org.springframework.web.servlet.FrameworkServlet.service(FrameworkServlet.java:846)
	at org.springframework.test.web.servlet.TestDispatcherServlet.service(TestDispatcherServlet.java:65)
	at javax.servlet.http.HttpServlet.service(HttpServlet.java:790)
	at org.springframework.mock.web.MockFilterChain$ServletFilterProxy.doFilter(MockFilterChain.java:167)
	at org.springframework.mock.web.MockFilterChain.doFilter(MockFilterChain.java:134)
	at org.springframework.test.web.servlet.MockMvc.perform(MockMvc.java:155)
	at es.udc.reunions.web.rest.SesionResourceIntTest.createSesion(SesionResourceIntTest.java:131)
</error>
    <system-out><![CDATA[Hibernate: insert into grupo (id, nombre) values (null, ?)
Hibernate: insert into organo (id, descripcion, grupo_id, nombre) values (null, ?, ?, ?)
Hibernate: select sesion0_.id as id1_12_, sesion0_.descripcion as descripc2_12_, sesion0_.lugar as lugar3_12_, sesion0_.numero as numero4_12_, sesion0_.organo_id as organo_i7_12_, sesion0_.primera_convocatoria as primera_5_12_, sesion0_.segunda_convocatoria as segunda_6_12_ from sesion sesion0_
2017-11-19 19:19:32.952 DEBUG 13603 --- [           main] es.udc.reunions.web.rest.SesionResource  : REST request to save Sesion : Sesion{id=null, numero='1', primeraConvocatoria='1970-01-01T00:00Z[UTC]', segundaConvocatoria='1970-01-01T00:00Z[UTC]', lugar='AAAAA', descripcion='AAAAA'}
]]></system-out>
  </testcase>
  <testcase name="checkLugarIsRequired" classname="es.udc.reunions.web.rest.SesionResourceIntTest" time="0.028"/>
</testsuite>